2019-12-25 15:03:01.428 [main] DEBUG guo.proj.javao2o.util.ImageUtil -current relativeAddr is :\upload\images\item\shop\36\2019122515030137755.jpg
2019-12-25 15:03:01.436 [main] DEBUG guo.proj.javao2o.util.ImageUtil -current complete addr is:D:\projectdev\image\upload\images\item\shop\36\2019122515030137755.jpg
2019-12-25 15:03:01.775 [main] DEBUG guo.proj.javao2o.dao.ProductDao.insertProduct -==>  Preparing: INSERT INTO tb_product(product_name,product_desc,img_addr, normal_price,promotion_price,priority,create_time, last_edit_time,enable_status,product_category_id, shop_id) VALUES (?,?,?, ?,?,?,?, ?,?,?, ?) 
2019-12-25 15:03:01.812 [main] DEBUG guo.proj.javao2o.dao.ProductDao.insertProduct -==> Parameters: Test product 1(String), Test product 1(String), \upload\images\item\shop\36\2019122515030137755.jpg(String), null, null, 20(Integer), 2019-12-25 15:03:01.419(Timestamp), 2019-12-25 15:03:01.419(Timestamp), 1(Integer), 1(Long), 36(Long)
2019-12-25 15:03:01.926 [main] DEBUG guo.proj.javao2o.dao.ProductDao.insertProduct -<==    Updates: 1
2019-12-25 15:03:01.953 [main] DEBUG guo.proj.javao2o.util.ImageUtil -current relativeAddr is :\upload\images\item\shop\36\2019122515030182532.jpg
2019-12-25 15:03:01.953 [main] DEBUG guo.proj.javao2o.util.ImageUtil -current complete addr is :D:\projectdev\image\upload\images\item\shop\36\2019122515030182532.jpg
2019-12-25 15:03:02.091 [main] DEBUG guo.proj.javao2o.util.ImageUtil -current relativeAddr is :\upload\images\item\shop\36\2019122515030256973.jpg
2019-12-25 15:03:02.091 [main] DEBUG guo.proj.javao2o.util.ImageUtil -current complete addr is :D:\projectdev\image\upload\images\item\shop\36\2019122515030256973.jpg
2019-12-25 15:05:56.209 [main] DEBUG guo.proj.javao2o.util.ImageUtil -current relativeAddr is :\upload\images\item\shop\36\2019122515055679375.jpg
2019-12-25 15:05:56.209 [main] DEBUG guo.proj.javao2o.util.ImageUtil -current complete addr is:D:\projectdev\image\upload\images\item\shop\36\2019122515055679375.jpg
2019-12-25 15:05:56.432 [main] DEBUG guo.proj.javao2o.dao.ProductDao.insertProduct -==>  Preparing: INSERT INTO tb_product(product_name,product_desc,img_addr, normal_price,promotion_price,priority,create_time, last_edit_time,enable_status,product_category_id, shop_id) VALUES (?,?,?, ?,?,?,?, ?,?,?, ?) 
2019-12-25 15:05:56.468 [main] DEBUG guo.proj.javao2o.dao.ProductDao.insertProduct -==> Parameters: Test product 1(String), Test product 1(String), \upload\images\item\shop\36\2019122515055679375.jpg(String), null, null, 20(Integer), 2019-12-25 15:05:56.206(Timestamp), 2019-12-25 15:05:56.206(Timestamp), 1(Integer), 1(Long), 36(Long)
2019-12-25 15:05:56.470 [main] DEBUG guo.proj.javao2o.dao.ProductDao.insertProduct -<==    Updates: 1
2019-12-25 15:05:56.485 [main] DEBUG guo.proj.javao2o.util.ImageUtil -current relativeAddr is :\upload\images\item\shop\36\2019122515055657162.jpg
2019-12-25 15:05:56.485 [main] DEBUG guo.proj.javao2o.util.ImageUtil -current complete addr is :D:\projectdev\image\upload\images\item\shop\36\2019122515055657162.jpg
2019-12-25 15:05:56.583 [main] DEBUG guo.proj.javao2o.util.ImageUtil -current relativeAddr is :\upload\images\item\shop\36\2019122515055632101.jpg
2019-12-25 15:05:56.584 [main] DEBUG guo.proj.javao2o.util.ImageUtil -current complete addr is :D:\projectdev\image\upload\images\item\shop\36\2019122515055632101.jpg
2019-12-25 15:11:24.173 [main] DEBUG g.p.j.dao.ProductImgDao.batchInsertProductImg -==>  Preparing: insert into tb_product_img (img_addr, img_desc, priority, create_time, product_id ) values (?, ?, ?, ?, ? ) , (?, ?, ?, ?, ? ) 
2019-12-25 15:11:24.216 [main] DEBUG g.p.j.dao.ProductImgDao.batchInsertProductImg -==> Parameters: Image1(String), Test Image2(String), 1(Integer), 2019-12-25 15:11:23.792(Timestamp), 1(Long), Image2(String), null, 1(Integer), 2019-12-25 15:11:23.792(Timestamp), 1(Long)
2019-12-25 15:12:37.072 [main] DEBUG g.p.j.dao.ProductImgDao.batchInsertProductImg -==>  Preparing: INSERT INTO tb_product_img(img_addr,img_desc,priority, create_time,product_id) VALUES ( ?, ?, ?, ?, ? ) , ( ?, ?, ?, ?, ? ) 
2019-12-25 15:12:37.180 [main] DEBUG g.p.j.dao.ProductImgDao.batchInsertProductImg -==> Parameters: Image1(String), Test Image2(String), 1(Integer), 2019-12-25 15:12:36.678(Timestamp), 1(Long), Image2(String), null, 1(Integer), 2019-12-25 15:12:36.678(Timestamp), 1(Long)
2019-12-25 15:14:17.480 [main] DEBUG g.p.j.dao.ProductImgDao.batchInsertProductImg -==>  Preparing: INSERT INTO tb_product_img(img_addr,img_desc,priority, create_time,product_id) VALUES ( ?, ?, ?, ?, ? ) , ( ?, ?, ?, ?, ? ) 
2019-12-25 15:14:17.516 [main] DEBUG g.p.j.dao.ProductImgDao.batchInsertProductImg -==> Parameters: Image1(String), Test Image2(String), 1(Integer), 2019-12-25 15:14:17.1(Timestamp), 4(Long), Image2(String), null, 1(Integer), 2019-12-25 15:14:17.1(Timestamp), 4(Long)
2019-12-25 15:14:17.644 [main] DEBUG g.p.j.dao.ProductImgDao.batchInsertProductImg -<==    Updates: 2
2019-12-25 15:15:12.911 [main] DEBUG g.p.j.dao.ProductImgDao.batchInsertProductImg -==>  Preparing: INSERT INTO tb_product_img(img_addr,img_desc,priority, create_time,product_id) VALUES ( ?, ?, ?, ?, ? ) , ( ?, ?, ?, ?, ? ) 
2019-12-25 15:15:12.950 [main] DEBUG g.p.j.dao.ProductImgDao.batchInsertProductImg -==> Parameters: Image1(String), Test Image2(String), 1(Integer), 2019-12-25 15:15:12.543(Timestamp), 4(Long), Image2(String), null, 1(Integer), 2019-12-25 15:15:12.543(Timestamp), 4(Long)
2019-12-25 15:15:13.083 [main] DEBUG g.p.j.dao.ProductImgDao.batchInsertProductImg -<==    Updates: 2
2019-12-25 15:15:44.091 [main] DEBUG g.p.j.d.ProductImgDao.deleteProductImgByProductId -==>  Preparing: DELETE FROM tb_product_img WHERE product_id = ? 
2019-12-25 15:15:44.127 [main] DEBUG g.p.j.d.ProductImgDao.deleteProductImgByProductId -==> Parameters: 4(Long)
2019-12-25 15:15:44.224 [main] DEBUG g.p.j.d.ProductImgDao.deleteProductImgByProductId -<==    Updates: 4
2019-12-25 15:16:38.983 [main] DEBUG g.p.j.dao.ProductImgDao.batchInsertProductImg -==>  Preparing: INSERT INTO tb_product_img(img_addr,img_desc,priority, create_time,product_id) VALUES ( ?, ?, ?, ?, ? ) , ( ?, ?, ?, ?, ? ) 
2019-12-25 15:16:39.025 [main] DEBUG g.p.j.dao.ProductImgDao.batchInsertProductImg -==> Parameters: Image1(String), Test Image1(String), 1(Integer), 2019-12-25 15:16:38.589(Timestamp), 4(Long), Image2(String), Test Image2(String), 1(Integer), 2019-12-25 15:16:38.589(Timestamp), 4(Long)
2019-12-25 15:16:39.101 [main] DEBUG g.p.j.dao.ProductImgDao.batchInsertProductImg -<==    Updates: 2
2019-12-25 15:19:39.815 [main] DEBUG guo.proj.javao2o.util.ImageUtil -current relativeAddr is :\upload\images\item\shop\36\2019122515193950288.jpg
2019-12-25 15:19:39.815 [main] DEBUG guo.proj.javao2o.util.ImageUtil -current complete addr is:D:\projectdev\image\upload\images\item\shop\36\2019122515193950288.jpg
2019-12-25 15:19:40.021 [main] DEBUG guo.proj.javao2o.dao.ProductDao.insertProduct -==>  Preparing: INSERT INTO tb_product(product_name,product_desc,img_addr, normal_price,promotion_price,priority,create_time, last_edit_time,enable_status,product_category_id, shop_id) VALUES (?,?,?, ?,?,?,?, ?,?,?, ?) 
2019-12-25 15:19:40.054 [main] DEBUG guo.proj.javao2o.dao.ProductDao.insertProduct -==> Parameters: Test product 1(String), Test product 1(String), \upload\images\item\shop\36\2019122515193950288.jpg(String), null, null, 20(Integer), 2019-12-25 15:19:39.812(Timestamp), 2019-12-25 15:19:39.812(Timestamp), 1(Integer), 1(Long), 36(Long)
2019-12-25 15:19:40.056 [main] DEBUG guo.proj.javao2o.dao.ProductDao.insertProduct -<==    Updates: 1
2019-12-25 15:19:40.069 [main] DEBUG guo.proj.javao2o.util.ImageUtil -current relativeAddr is :\upload\images\item\shop\36\2019122515194026215.jpg
2019-12-25 15:19:40.069 [main] DEBUG guo.proj.javao2o.util.ImageUtil -current complete addr is :D:\projectdev\image\upload\images\item\shop\36\2019122515194026215.jpg
2019-12-25 15:19:40.198 [main] DEBUG guo.proj.javao2o.util.ImageUtil -current relativeAddr is :\upload\images\item\shop\36\2019122515194018582.jpg
2019-12-25 15:19:40.198 [main] DEBUG guo.proj.javao2o.util.ImageUtil -current complete addr is :D:\projectdev\image\upload\images\item\shop\36\2019122515194018582.jpg
2019-12-25 15:19:40.295 [main] DEBUG g.p.j.dao.ProductImgDao.batchInsertProductImg -==>  Preparing: INSERT INTO tb_product_img(img_addr,img_desc,priority, create_time,product_id) VALUES ( ?, ?, ?, ?, ? ) , ( ?, ?, ?, ?, ? ) 
2019-12-25 15:19:40.296 [main] DEBUG g.p.j.dao.ProductImgDao.batchInsertProductImg -==> Parameters: \upload\images\item\shop\36\2019122515194026215.jpg(String), null, null, 2019-12-25 15:19:40.198(Timestamp), 9(Long), \upload\images\item\shop\36\2019122515194018582.jpg(String), null, null, 2019-12-25 15:19:40.283(Timestamp), 9(Long)
2019-12-25 15:19:40.297 [main] DEBUG g.p.j.dao.ProductImgDao.batchInsertProductImg -<==    Updates: 2
2019-12-25 16:39:36.875 [main] DEBUG g.p.j.d.ProductImgDao.deleteProductImgByProductId -==>  Preparing: DELETE FROM tb_product_img WHERE product_id = ? 
2019-12-25 16:39:36.912 [main] DEBUG g.p.j.d.ProductImgDao.deleteProductImgByProductId -==> Parameters: 4(Long)
2019-12-25 16:39:36.997 [main] DEBUG g.p.j.d.ProductImgDao.deleteProductImgByProductId -<==    Updates: 2
2019-12-25 16:41:54.874 [main] DEBUG g.p.j.dao.ProductImgDao.batchInsertProductImg -==>  Preparing: INSERT INTO tb_product_img(img_addr,img_desc,priority, create_time,product_id) VALUES ( ?, ?, ?, ?, ? ) , ( ?, ?, ?, ?, ? ) 
2019-12-25 16:41:54.915 [main] DEBUG g.p.j.dao.ProductImgDao.batchInsertProductImg -==> Parameters: Image1(String), Test Image1(String), 1(Integer), 2019-12-25 16:41:54.51(Timestamp), 4(Long), Image2(String), Test Image2(String), 1(Integer), 2019-12-25 16:41:54.51(Timestamp), 4(Long)
2019-12-25 16:41:55.009 [main] DEBUG g.p.j.dao.ProductImgDao.batchInsertProductImg -<==    Updates: 2
2019-12-25 16:41:55.015 [main] DEBUG g.p.javao2o.dao.ProductImgDao.queryProductImgList -==>  Preparing: SELECT product_img_id, img_addr, img_desc, priority, create_time, product_id FROM tb_product_img WHERE product_id=? ORDER BY product_img_id ASC 
2019-12-25 16:41:55.015 [main] DEBUG g.p.javao2o.dao.ProductImgDao.queryProductImgList -==> Parameters: 4(Long)
2019-12-25 16:41:55.038 [main] DEBUG g.p.javao2o.dao.ProductImgDao.queryProductImgList -<==      Total: 2
2019-12-25 16:41:55.044 [main] DEBUG g.p.j.d.ProductImgDao.deleteProductImgByProductId -==>  Preparing: DELETE FROM tb_product_img WHERE product_id = ? 
2019-12-25 16:41:55.044 [main] DEBUG g.p.j.d.ProductImgDao.deleteProductImgByProductId -==> Parameters: 4(Long)
2019-12-25 16:41:55.107 [main] DEBUG g.p.j.d.ProductImgDao.deleteProductImgByProductId -<==    Updates: 2
2019-12-25 17:05:53.351 [main] DEBUG guo.proj.javao2o.dao.ProductDao.queryProductById -==>  Preparing: SELECT p.product_id, p.product_name, p.product_desc, p.img_addr, p.normal_price, p.promotion_price, p.priority, p.create_time, p.last_edit_time, p.enable_status, p.product_category_id, p.shop_id, pm.product_img_id, pm.img_addr AS detail_img, pm.img_desc, pm.priority, pm.create_time FROM tb_product p LEFT JOIN tb_product_img pm ON p.product_id = pm.product_id WHERE p.product_id = ? ORDER BY pm.priority DESC 
2019-12-25 17:05:53.381 [main] DEBUG guo.proj.javao2o.dao.ProductDao.queryProductById -==> Parameters: 4(Long)
2019-12-25 17:05:53.412 [main] DEBUG guo.proj.javao2o.dao.ProductDao.queryProductById -<==      Total: 1
2019-12-25 17:05:53.418 [main] DEBUG guo.proj.javao2o.util.ImageUtil -current relativeAddr is :\upload\images\item\shop\36\2019122517055383479.jpg
2019-12-25 17:05:53.418 [main] DEBUG guo.proj.javao2o.util.ImageUtil -current complete addr is:D:\projectdev\image\upload\images\item\shop\36\2019122517055383479.jpg
2019-12-25 17:05:54.489 [main] DEBUG g.p.javao2o.dao.ProductImgDao.queryProductImgList -==>  Preparing: SELECT product_img_id, img_addr, img_desc, priority, create_time, product_id FROM tb_product_img WHERE product_id=? ORDER BY product_img_id ASC 
2019-12-25 17:05:54.489 [main] DEBUG g.p.javao2o.dao.ProductImgDao.queryProductImgList -==> Parameters: 4(Long)
2019-12-25 17:05:54.490 [main] DEBUG g.p.javao2o.dao.ProductImgDao.queryProductImgList -<==      Total: 0
2019-12-25 17:05:54.490 [main] DEBUG g.p.j.d.ProductImgDao.deleteProductImgByProductId -==>  Preparing: DELETE FROM tb_product_img WHERE product_id = ? 
2019-12-25 17:05:54.490 [main] DEBUG g.p.j.d.ProductImgDao.deleteProductImgByProductId -==> Parameters: 4(Long)
2019-12-25 17:05:54.491 [main] DEBUG g.p.j.d.ProductImgDao.deleteProductImgByProductId -<==    Updates: 0
2019-12-25 17:05:54.491 [main] DEBUG guo.proj.javao2o.util.ImageUtil -current relativeAddr is :\upload\images\item\shop\36\2019122517055465200.jpg
2019-12-25 17:05:54.491 [main] DEBUG guo.proj.javao2o.util.ImageUtil -current complete addr is :D:\projectdev\image\upload\images\item\shop\36\2019122517055465200.jpg
2019-12-25 17:05:55.765 [main] DEBUG guo.proj.javao2o.util.ImageUtil -current relativeAddr is :\upload\images\item\shop\36\2019122517055573175.jpg
2019-12-25 17:05:55.765 [main] DEBUG guo.proj.javao2o.util.ImageUtil -current complete addr is :D:\projectdev\image\upload\images\item\shop\36\2019122517055573175.jpg
2019-12-25 17:05:56.309 [main] DEBUG g.p.j.dao.ProductImgDao.batchInsertProductImg -==>  Preparing: INSERT INTO tb_product_img(img_addr,img_desc,priority, create_time,product_id) VALUES ( ?, ?, ?, ?, ? ) , ( ?, ?, ?, ?, ? ) 
2019-12-25 17:05:56.312 [main] DEBUG g.p.j.dao.ProductImgDao.batchInsertProductImg -==> Parameters: \upload\images\item\shop\36\2019122517055465200.jpg(String), null, null, 2019-12-25 17:05:55.764(Timestamp), 4(Long), \upload\images\item\shop\36\2019122517055573175.jpg(String), null, null, 2019-12-25 17:05:56.295(Timestamp), 4(Long)
2019-12-25 17:05:56.313 [main] DEBUG g.p.j.dao.ProductImgDao.batchInsertProductImg -<==    Updates: 2
2019-12-25 17:05:56.321 [main] DEBUG guo.proj.javao2o.dao.ProductDao.updateProduct -==>  Preparing: UPDATE tb_product SET product_name=?, product_desc=?, img_addr=?, last_edit_time=?, product_category_id=? WHERE product_id = ? AND shop_id=? 
2019-12-25 17:05:56.321 [main] DEBUG guo.proj.javao2o.dao.ProductDao.updateProduct -==> Parameters: Modified Product(String), Modified Product(String), \upload\images\item\shop\36\2019122517055383479.jpg(String), 2019-12-25 17:05:53.324(Timestamp), 2(Long), 4(Long), 36(Long)
2019-12-25 17:05:56.347 [main] DEBUG guo.proj.javao2o.dao.ProductDao.updateProduct -<==    Updates: 1
2019-12-25 20:20:01.278 [main] DEBUG guo.proj.javao2o.dao.ProductDao.insertProduct -==>  Preparing: INSERT INTO tb_product(product_name,product_desc,img_addr, normal_price,promotion_price,priority,create_time, last_edit_time,enable_status,product_category_id, shop_id) VALUES (?,?,?, ?,?,?,?, ?,?,?, ?) 
2019-12-25 20:20:01.330 [main] DEBUG guo.proj.javao2o.dao.ProductDao.insertProduct -==> Parameters: Test1(String), TestDesc1(String), test1(String), null, null, 1(Integer), 2019-12-25 20:20:00.888(Timestamp), 2019-12-25 20:20:00.888(Timestamp), 1(Integer), 3(Long), 36(Long)
2019-12-25 20:20:01.467 [main] DEBUG guo.proj.javao2o.dao.ProductDao.insertProduct -<==    Updates: 1
2019-12-25 20:20:01.481 [main] DEBUG guo.proj.javao2o.dao.ProductDao.insertProduct -==>  Preparing: INSERT INTO tb_product(product_name,product_desc,img_addr, normal_price,promotion_price,priority,create_time, last_edit_time,enable_status,product_category_id, shop_id) VALUES (?,?,?, ?,?,?,?, ?,?,?, ?) 
2019-12-25 20:20:01.482 [main] DEBUG guo.proj.javao2o.dao.ProductDao.insertProduct -==> Parameters: Test2(String), TestDesc2(String), test2(String), null, null, 2(Integer), 2019-12-25 20:20:00.888(Timestamp), 2019-12-25 20:20:00.888(Timestamp), 0(Integer), 3(Long), 36(Long)
2019-12-25 20:20:01.532 [main] DEBUG guo.proj.javao2o.dao.ProductDao.insertProduct -<==    Updates: 1
2019-12-25 20:20:01.534 [main] DEBUG guo.proj.javao2o.dao.ProductDao.insertProduct -==>  Preparing: INSERT INTO tb_product(product_name,product_desc,img_addr, normal_price,promotion_price,priority,create_time, last_edit_time,enable_status,product_category_id, shop_id) VALUES (?,?,?, ?,?,?,?, ?,?,?, ?) 
2019-12-25 20:20:01.536 [main] DEBUG guo.proj.javao2o.dao.ProductDao.insertProduct -==> Parameters: p3(String), product 3(String), p3(String), null, null, 3(Integer), 2019-12-25 20:20:00.888(Timestamp), 2019-12-25 20:20:00.888(Timestamp), 1(Integer), 3(Long), 36(Long)
2019-12-25 20:20:01.590 [main] DEBUG guo.proj.javao2o.dao.ProductDao.insertProduct -<==    Updates: 1
2019-12-25 20:20:01.614 [main] DEBUG guo.proj.javao2o.dao.ProductDao.queryProductList -==>  Preparing: SELECT product_id, product_name, product_desc, img_addr, normal_price, promotion_price, priority, create_time, last_edit_time, enable_status, product_category_id, shop_id FROM tb_product ORDER BY priority DESC LIMIT ?,?; 
2019-12-25 20:20:01.615 [main] DEBUG guo.proj.javao2o.dao.ProductDao.queryProductList -==> Parameters: 0(Integer), 3(Integer)
2019-12-25 20:20:01.629 [main] DEBUG guo.proj.javao2o.dao.ProductDao.queryProductList -<==      Total: 3
2019-12-25 20:20:01.633 [main] DEBUG guo.proj.javao2o.dao.ProductDao.queryProductCount -==>  Preparing: SELECT count(1) FROM tb_product 
2019-12-25 20:20:01.633 [main] DEBUG guo.proj.javao2o.dao.ProductDao.queryProductCount -==> Parameters: 
2019-12-25 20:20:01.657 [main] DEBUG guo.proj.javao2o.dao.ProductDao.queryProductCount -<==      Total: 1
2019-12-25 20:20:01.658 [main] DEBUG guo.proj.javao2o.dao.ProductDao.queryProductList -==>  Preparing: SELECT product_id, product_name, product_desc, img_addr, normal_price, promotion_price, priority, create_time, last_edit_time, enable_status, product_category_id, shop_id FROM tb_product WHERE product_name like '%Test%' ORDER BY priority DESC LIMIT ?,?; 
2019-12-25 20:20:01.659 [main] DEBUG guo.proj.javao2o.dao.ProductDao.queryProductList -==> Parameters: 0(Integer), 3(Integer)
2019-12-25 20:20:01.661 [main] DEBUG guo.proj.javao2o.dao.ProductDao.queryProductList -<==      Total: 3
2019-12-25 20:20:01.662 [main] DEBUG guo.proj.javao2o.dao.ProductDao.queryProductCount -==>  Preparing: SELECT count(1) FROM tb_product WHERE product_name like '%Test%' 
2019-12-25 20:20:01.662 [main] DEBUG guo.proj.javao2o.dao.ProductDao.queryProductCount -==> Parameters: 
2019-12-25 20:20:01.663 [main] DEBUG guo.proj.javao2o.dao.ProductDao.queryProductCount -<==      Total: 1
2019-12-25 20:20:01.668 [main] DEBUG guo.proj.javao2o.dao.ProductDao.queryProductList -==>  Preparing: SELECT product_id, product_name, product_desc, img_addr, normal_price, promotion_price, priority, create_time, last_edit_time, enable_status, product_category_id, shop_id FROM tb_product WHERE product_category_id = ? ORDER BY priority DESC LIMIT ?,?; 
2019-12-25 20:20:01.669 [main] DEBUG guo.proj.javao2o.dao.ProductDao.queryProductList -==> Parameters: 3(Long), 0(Integer), 3(Integer)
2019-12-25 20:20:01.671 [main] DEBUG guo.proj.javao2o.dao.ProductDao.queryProductList -<==      Total: 3
2019-12-25 20:20:01.672 [main] DEBUG guo.proj.javao2o.dao.ProductDao.deleteProduct -==>  Preparing: DELETE FROM tb_product WHERE product_id = ? AND shop_id=? 
2019-12-25 20:20:01.672 [main] DEBUG guo.proj.javao2o.dao.ProductDao.deleteProduct -==> Parameters: 13(Long), 36(Long)
2019-12-25 20:20:01.707 [main] DEBUG guo.proj.javao2o.dao.ProductDao.deleteProduct -<==    Updates: 1
2019-12-25 20:20:01.707 [main] DEBUG guo.proj.javao2o.dao.ProductDao.deleteProduct -==>  Preparing: DELETE FROM tb_product WHERE product_id = ? AND shop_id=? 
2019-12-25 20:20:01.708 [main] DEBUG guo.proj.javao2o.dao.ProductDao.deleteProduct -==> Parameters: 12(Long), 36(Long)
2019-12-25 20:20:01.757 [main] DEBUG guo.proj.javao2o.dao.ProductDao.deleteProduct -<==    Updates: 1
2019-12-25 20:20:01.758 [main] DEBUG guo.proj.javao2o.dao.ProductDao.deleteProduct -==>  Preparing: DELETE FROM tb_product WHERE product_id = ? AND shop_id=? 
2019-12-25 20:20:01.758 [main] DEBUG guo.proj.javao2o.dao.ProductDao.deleteProduct -==> Parameters: 11(Long), 36(Long)
2019-12-25 20:20:01.806 [main] DEBUG guo.proj.javao2o.dao.ProductDao.deleteProduct -<==    Updates: 1
2019-12-25 20:58:17.359 [main] DEBUG g.p.j.dao.ProductDao.updateProductCategoryToNull -==>  Preparing: UPDATE tb_product SET product_category_id = null WHERE product_category_id = ? 
2019-12-25 20:58:17.394 [main] DEBUG g.p.j.dao.ProductDao.updateProductCategoryToNull -==> Parameters: 2(Long)
2019-12-25 20:58:17.461 [main] DEBUG g.p.j.dao.ProductDao.updateProductCategoryToNull -<==    Updates: 2
